<html>
<body>
<pre>
<h1>Vision Build Log</h1>
<h2>Tool Versions:</h2>
IDE-Version: μVision V5.26.2.0
Copyright (C) 2018 ARM Ltd and ARM Germany GmbH. All rights reserved.
License Information: a a, a, LIC=S5IBS-LD580-GMD99-4NLY1-U4XUX-KTSU4
 
Tool Versions:
Toolchain:       MDK-ARM Professional  Version: 5.26.2.0
Toolchain Path:  C:\Keil_v5\ARM\ARMCC\Bin
C Compiler:      Armcc.exe V5.03 [Build 76]
Assembler:       Armasm.exe V5.06 update 6 (build 750)
Linker/Locator:  ArmLink.exe V5.03.0.76
Library Manager: ArmAr.exe V5.03.0.76
Hex Converter:   FromElf.exe V5.03.0.76
CPU DLL:         SARMCM3.DLL V5.26.2.0
Dialog DLL:      DARMSTM.DLL V1.64.0.0
Target DLL:      Segger\JL2CM3.dll V2.99.31.0
Dialog DLL:      TARMSTM.DLL V1.64.0.0
 
<h2>Project:</h2>
H:\液晶屏资料程序\0.96新彩色OLED\stm32\0.95inch RGB OLED Open103C\IDE\SSD1331 OLED.uvprojx
Project File Date:  11/03/2018

<h2>Output:</h2>
*** Using Compiler 'V5.03 [Build 76]', folder: 'C:\Keil_v5\ARM\ARMCC\Bin'
Rebuild target 'SSD1331 OLED'
compiling delay.c...
..\SRC\STM32F10x_LIB\CMSIS\stm32f10x.h(298): error:  #67: expected a "}"
    ADC1_2_IRQn                 = 18,     /*!< ADC1 and ADC2 global Interrupt                       */
..\SRC\STM32F10x_LIB\CMSIS\stm32f10x.h(472): warning:  #12-D: parsing restarts here after previous syntax error
  } IRQn_Type;
..\SRC\Hardware\delay\delay.c: 1 warning, 1 error
compiling SSD1331.c...
..\SRC\STM32F10x_LIB\CMSIS\stm32f10x.h(298): error:  #67: expected a "}"
    ADC1_2_IRQn                 = 18,     /*!< ADC1 and ADC2 global Interrupt                       */
..\SRC\STM32F10x_LIB\CMSIS\stm32f10x.h(472): warning:  #12-D: parsing restarts here after previous syntax error
  } IRQn_Type;
..\SRC\Hardware\SSD1331\SSD1331.c: 1 warning, 1 error
compiling SPI.c...
..\SRC\STM32F10x_LIB\CMSIS\stm32f10x.h(298): error:  #67: expected a "}"
    ADC1_2_IRQn                 = 18,     /*!< ADC1 and ADC2 global Interrupt                       */
..\SRC\STM32F10x_LIB\CMSIS\stm32f10x.h(472): warning:  #12-D: parsing restarts here after previous syntax error
  } IRQn_Type;
..\SRC\Hardware\SPI\SPI.c: 1 warning, 1 error
compiling system_stm32f10x.c...
..\SRC\STM32F10x_LIB\CMSIS\stm32f10x.h(298): error:  #67: expected a "}"
    ADC1_2_IRQn                 = 18,     /*!< ADC1 and ADC2 global Interrupt                       */
..\SRC\STM32F10x_LIB\CMSIS\stm32f10x.h(472): warning:  #12-D: parsing restarts here after previous syntax error
  } IRQn_Type;
..\SRC\STM32F10x_LIB\CMSIS\system_stm32f10x.c: 1 warning, 1 error
compiling Fonts.c...
..\SRC\STM32F10x_LIB\CMSIS\stm32f10x.h(298): error:  #67: expected a "}"
    ADC1_2_IRQn                 = 18,     /*!< ADC1 and ADC2 global Interrupt                       */
..\SRC\STM32F10x_LIB\CMSIS\stm32f10x.h(472): warning:  #12-D: parsing restarts here after previous syntax error
  } IRQn_Type;
..\SRC\Hardware\Fonts\Fonts.c: 1 warning, 1 error
assembling startup_stm32f10x_hd.s...
compiling core_cm3.c...
compiling misc.c...
..\SRC\STM32F10x_LIB\CMSIS\stm32f10x.h(298): error:  #67: expected a "}"
    ADC1_2_IRQn                 = 18,     /*!< ADC1 and ADC2 global Interrupt                       */
..\SRC\STM32F10x_LIB\CMSIS\stm32f10x.h(472): warning:  #12-D: parsing restarts here after previous syntax error
  } IRQn_Type;
..\SRC\STM32F10x_LIB\src\misc.c: 1 warning, 1 error
compiling stm32f10x_gpio.c...
..\SRC\STM32F10x_LIB\CMSIS\stm32f10x.h(298): error:  #67: expected a "}"
    ADC1_2_IRQn                 = 18,     /*!< ADC1 and ADC2 global Interrupt                       */
..\SRC\STM32F10x_LIB\CMSIS\stm32f10x.h(472): warning:  #12-D: parsing restarts here after previous syntax error
  } IRQn_Type;
..\SRC\STM32F10x_LIB\src\stm32f10x_gpio.c: 1 warning, 1 error
compiling stm32f10x_spi.c...
..\SRC\STM32F10x_LIB\CMSIS\stm32f10x.h(298): error:  #67: expected a "}"
    ADC1_2_IRQn                 = 18,     /*!< ADC1 and ADC2 global Interrupt                       */
..\SRC\STM32F10x_LIB\CMSIS\stm32f10x.h(472): warning:  #12-D: parsing restarts here after previous syntax error
  } IRQn_Type;
..\SRC\STM32F10x_LIB\src\stm32f10x_spi.c: 1 warning, 1 error
compiling stm32f10x_rcc.c...
..\SRC\STM32F10x_LIB\CMSIS\stm32f10x.h(298): error:  #67: expected a "}"
    ADC1_2_IRQn                 = 18,     /*!< ADC1 and ADC2 global Interrupt                       */
..\SRC\STM32F10x_LIB\CMSIS\stm32f10x.h(472): warning:  #12-D: parsing restarts here after previous syntax error
  } IRQn_Type;
..\SRC\STM32F10x_LIB\src\stm32f10x_rcc.c: 1 warning, 1 error
compiling Config.c...
..\SRC\STM32F10x_LIB\CMSIS\stm32f10x.h(298): error:  #67: expected a "}"
    ADC1_2_IRQn                 = 18,     /*!< ADC1 and ADC2 global Interrupt                       */
..\SRC\STM32F10x_LIB\CMSIS\stm32f10x.h(472): warning:  #12-D: parsing restarts here after previous syntax error
  } IRQn_Type;
..\SRC\USER\Config.c: 1 warning, 1 error
compiling stm32f10x_it.c...
..\SRC\STM32F10x_LIB\CMSIS\stm32f10x.h(298): error:  #67: expected a "}"
    ADC1_2_IRQn                 = 18,     /*!< ADC1 and ADC2 global Interrupt                       */
..\SRC\STM32F10x_LIB\CMSIS\stm32f10x.h(472): warning:  #12-D: parsing restarts here after previous syntax error
  } IRQn_Type;
..\SRC\USER\stm32f10x_it.c: 1 warning, 1 error
compiling main.c...
..\SRC\STM32F10x_LIB\CMSIS\stm32f10x.h(298): error:  #67: expected a "}"
    ADC1_2_IRQn                 = 18,     /*!< ADC1 and ADC2 global Interrupt                       */
..\SRC\STM32F10x_LIB\CMSIS\stm32f10x.h(472): warning:  #12-D: parsing restarts here after previous syntax error
  } IRQn_Type;
..\SRC\USER\main.c: 1 warning, 1 error
"..\TEMP\SSD1331 OLED.axf" - 12 Error(s), 12 Warning(s).

<h2>Software Packages used:</h2>

Package Vendor: ARM
                http://www.keil.com/pack/ARM.CMSIS.5.4.0.pack
                ARM.CMSIS.5.4.0
                CMSIS (Cortex Microcontroller Software Interface Standard)
   * Component: CORE Version: 5.1.2

Package Vendor: Keil
                http://www.keil.com/pack/Keil.STM32F1xx_DFP.2.2.0.pack
                Keil.STM32F1xx_DFP.2.2.0
                STMicroelectronics STM32F1 Series Device Support, Drivers and Examples

<h2>Collection of Component include folders:</h2>
  .\RTE\_SSD1331_OLED
  C:\Keil_v5\ARM\PACK\ARM\CMSIS\5.4.0\CMSIS\Core\Include
  C:\Keil_v5\ARM\PACK\Keil\STM32F1xx_DFP\2.2.0\Device\Include

<h2>Collection of Component Files used:</h2>

   * Component: ARM::CMSIS:CORE:5.1.2
Target not created.
Build Time Elapsed:  00:00:05
</pre>
</body>
</html>
